mode: set
hello-world/consumer/implementation/parsing/unmarshalling.go:14.26,16.2 1 0
hello-world/consumer/implementation/parsing/unmarshalling.go:19.71,20.64 1 1
hello-world/consumer/implementation/parsing/unmarshalling.go:23.2,23.12 1 1
hello-world/consumer/implementation/parsing/unmarshalling.go:20.64,22.3 1 0
hello-world/consumer/implementation/parsing/response.pb.go:32.28,34.29 2 1
hello-world/consumer/implementation/parsing/response.pb.go:34.29,38.3 3 1
hello-world/consumer/implementation/parsing/response.pb.go:41.36,43.2 1 0
hello-world/consumer/implementation/parsing/response.pb.go:45.34,45.35 0 0
hello-world/consumer/implementation/parsing/response.pb.go:47.56,49.41 2 1
hello-world/consumer/implementation/parsing/response.pb.go:56.2,56.24 1 0
hello-world/consumer/implementation/parsing/response.pb.go:49.41,51.34 2 1
hello-world/consumer/implementation/parsing/response.pb.go:54.3,54.12 1 1
hello-world/consumer/implementation/parsing/response.pb.go:51.34,53.4 1 0
hello-world/consumer/implementation/parsing/response.pb.go:60.47,62.2 1 0
hello-world/consumer/implementation/parsing/response.pb.go:64.40,65.14 1 0
hello-world/consumer/implementation/parsing/response.pb.go:68.2,68.11 1 0
hello-world/consumer/implementation/parsing/response.pb.go:65.14,67.3 1 0
hello-world/consumer/implementation/parsing/response.pb.go:87.47,88.44 1 0
hello-world/consumer/implementation/parsing/response.pb.go:91.2,91.40 1 0
hello-world/consumer/implementation/parsing/response.pb.go:88.44,90.3 1 0
hello-world/consumer/implementation/parsing/response.pb.go:106.13,106.43 1 1
hello-world/consumer/implementation/parsing/response.pb.go:107.33,108.32 1 1
hello-world/consumer/implementation/parsing/response.pb.go:111.2,111.30 1 1
hello-world/consumer/implementation/parsing/response.pb.go:125.2,142.35 6 1
hello-world/consumer/implementation/parsing/response.pb.go:108.32,110.3 1 0
hello-world/consumer/implementation/parsing/response.pb.go:111.30,112.85 1 0
hello-world/consumer/implementation/parsing/response.pb.go:112.85,113.33 1 0
hello-world/consumer/implementation/parsing/response.pb.go:114.11,115.20 1 0
hello-world/consumer/implementation/parsing/response.pb.go:116.11,117.24 1 0
hello-world/consumer/implementation/parsing/response.pb.go:118.11,119.28 1 0
hello-world/consumer/implementation/parsing/response.pb.go:120.12,121.15 1 0
hello-world/consumer/implementation/consumer.go:11.102,12.19 1 0
hello-world/consumer/implementation/consumer.go:15.2,20.8 1 0
hello-world/consumer/implementation/consumer.go:12.19,14.3 1 0
hello-world/consumer/implementation/consumer.go:32.42,36.16 2 1
hello-world/consumer/implementation/consumer.go:41.2,41.15 1 1
hello-world/consumer/implementation/consumer.go:48.2,49.16 2 1
hello-world/consumer/implementation/consumer.go:54.2,54.15 1 1
hello-world/consumer/implementation/consumer.go:61.2,70.16 2 1
hello-world/consumer/implementation/consumer.go:75.2,85.16 2 1
hello-world/consumer/implementation/consumer.go:90.2,93.21 3 1
hello-world/consumer/implementation/consumer.go:103.2,103.8 1 1
hello-world/consumer/implementation/consumer.go:36.16,39.3 2 0
hello-world/consumer/implementation/consumer.go:41.15,42.38 1 1
hello-world/consumer/implementation/consumer.go:42.38,45.4 2 0
hello-world/consumer/implementation/consumer.go:49.16,52.3 2 0
hello-world/consumer/implementation/consumer.go:54.15,55.36 1 1
hello-world/consumer/implementation/consumer.go:55.36,58.4 2 0
hello-world/consumer/implementation/consumer.go:70.16,73.3 2 0
hello-world/consumer/implementation/consumer.go:85.16,88.3 2 0
hello-world/consumer/implementation/consumer.go:93.21,94.56 1 0
hello-world/consumer/implementation/consumer.go:100.3,100.33 1 0
hello-world/consumer/implementation/consumer.go:94.56,96.4 1 0
hello-world/consumer/implementation/consumer.go:96.9,98.4 1 0
hello-world/producer/implementation/producer.go:11.102,12.19 1 0
hello-world/producer/implementation/producer.go:16.2,23.16 3 0
hello-world/producer/implementation/producer.go:27.2,27.15 1 0
hello-world/producer/implementation/producer.go:12.19,14.3 1 0
hello-world/producer/implementation/producer.go:23.16,25.3 1 0
hello-world/producer/implementation/producer.go:42.36,46.16 2 1
hello-world/producer/implementation/producer.go:51.2,54.16 3 1
hello-world/producer/implementation/producer.go:59.2,68.16 2 1
hello-world/producer/implementation/producer.go:73.2,76.12 3 1
hello-world/producer/implementation/producer.go:46.16,49.3 2 0
hello-world/producer/implementation/producer.go:54.16,57.3 2 0
hello-world/producer/implementation/producer.go:68.16,71.3 2 0
hello-world/producer/implementation/producer.go:80.47,84.37 2 1
hello-world/producer/implementation/producer.go:88.2,89.16 2 1
hello-world/producer/implementation/producer.go:93.2,101.5 1 1
hello-world/producer/implementation/producer.go:84.37,86.3 1 0
hello-world/producer/implementation/producer.go:89.16,91.3 1 0
hello-world/producer/implementation/producer.go:105.35,106.34 1 0
hello-world/producer/implementation/producer.go:109.2,109.39 1 0
hello-world/producer/implementation/producer.go:114.2,114.37 1 0
hello-world/producer/implementation/producer.go:118.2,118.12 1 0
hello-world/producer/implementation/producer.go:106.34,108.3 1 0
hello-world/producer/implementation/producer.go:109.39,112.3 2 0
hello-world/producer/implementation/producer.go:114.37,117.3 2 0
hello-world/producer/implementation/decoding/marshaling.go:14.28,16.2 1 0
hello-world/producer/implementation/decoding/marshaling.go:19.57,21.16 2 1
hello-world/producer/implementation/decoding/marshaling.go:24.2,24.23 1 1
hello-world/producer/implementation/decoding/marshaling.go:21.16,23.3 1 0
hello-world/producer/implementation/decoding/request.pb.go:32.27,34.29 2 0
hello-world/producer/implementation/decoding/request.pb.go:34.29,38.3 3 0
hello-world/producer/implementation/decoding/request.pb.go:41.35,43.2 1 0
hello-world/producer/implementation/decoding/request.pb.go:45.33,45.34 0 0
hello-world/producer/implementation/decoding/request.pb.go:47.55,49.41 2 1
hello-world/producer/implementation/decoding/request.pb.go:56.2,56.24 1 0
hello-world/producer/implementation/decoding/request.pb.go:49.41,51.34 2 1
hello-world/producer/implementation/decoding/request.pb.go:54.3,54.12 1 1
hello-world/producer/implementation/decoding/request.pb.go:51.34,53.4 1 1
hello-world/producer/implementation/decoding/request.pb.go:60.46,62.2 1 0
hello-world/producer/implementation/decoding/request.pb.go:64.39,65.14 1 0
hello-world/producer/implementation/decoding/request.pb.go:68.2,68.11 1 0
hello-world/producer/implementation/decoding/request.pb.go:65.14,67.3 1 0
hello-world/producer/implementation/decoding/request.pb.go:87.46,88.43 1 0
hello-world/producer/implementation/decoding/request.pb.go:91.2,91.39 1 0
hello-world/producer/implementation/decoding/request.pb.go:88.43,90.3 1 0
hello-world/producer/implementation/decoding/request.pb.go:106.13,106.42 1 1
hello-world/producer/implementation/decoding/request.pb.go:107.32,108.31 1 1
hello-world/producer/implementation/decoding/request.pb.go:111.2,111.30 1 1
hello-world/producer/implementation/decoding/request.pb.go:125.2,142.34 6 1
hello-world/producer/implementation/decoding/request.pb.go:108.31,110.3 1 0
hello-world/producer/implementation/decoding/request.pb.go:111.30,112.84 1 0
hello-world/producer/implementation/decoding/request.pb.go:112.84,113.32 1 0
hello-world/producer/implementation/decoding/request.pb.go:114.11,115.20 1 0
hello-world/producer/implementation/decoding/request.pb.go:116.11,117.24 1 0
hello-world/producer/implementation/decoding/request.pb.go:118.11,119.28 1 0
hello-world/producer/implementation/decoding/request.pb.go:120.12,121.15 1 0
hello-world/service/service.go:17.56,19.16 2 0
hello-world/service/service.go:22.2,23.16 2 0
hello-world/service/service.go:26.2,28.8 1 0
hello-world/service/service.go:19.16,21.3 1 0
hello-world/service/service.go:23.16,25.3 1 0
hello-world/service/service.go:32.35,35.16 3 0
hello-world/service/service.go:39.2,44.16 4 0
hello-world/service/service.go:49.2,51.12 2 0
hello-world/service/service.go:74.2,77.16 3 0
hello-world/service/service.go:82.2,82.12 1 0
hello-world/service/service.go:89.2,89.16 1 0
hello-world/service/service.go:93.2,98.40 5 0
hello-world/service/service.go:102.2,102.12 1 0
hello-world/service/service.go:35.16,37.3 1 0
hello-world/service/service.go:44.16,47.3 2 0
hello-world/service/service.go:51.12,59.32 4 0
hello-world/service/service.go:66.3,67.42 2 0
hello-world/service/service.go:59.32,60.44 1 0
hello-world/service/service.go:60.44,62.5 1 0
hello-world/service/service.go:62.10,64.5 1 0
hello-world/service/service.go:67.42,69.4 1 0
hello-world/service/service.go:69.9,71.4 1 0
hello-world/service/service.go:77.16,80.3 2 0
hello-world/service/service.go:82.12,84.43 2 0
hello-world/service/service.go:84.43,86.4 1 0
hello-world/service/service.go:89.16,91.3 1 0
hello-world/service/service.go:98.40,101.3 2 0
hello-world/service/config.go:30.36,32.16 2 1
hello-world/service/config.go:36.2,38.16 3 1
hello-world/service/config.go:42.2,42.9 1 1
hello-world/service/config.go:52.2,53.12 2 1
hello-world/service/config.go:32.16,34.3 1 0
hello-world/service/config.go:38.16,40.3 1 0
hello-world/service/config.go:43.32,44.43 1 0
hello-world/service/config.go:45.32,46.43 1 0
hello-world/service/config.go:47.32,48.43 1 0
hello-world/service/config.go:49.33,50.44 1 0
hello-world/service/config.go:57.70,70.16 10 0
hello-world/service/config.go:74.2,76.8 3 0
hello-world/service/config.go:70.16,72.3 1 0
hello-world/service/config.go:80.86,82.16 2 1
hello-world/service/config.go:87.2,87.113 1 1
hello-world/service/config.go:82.16,85.3 2 1
